#
# There is insufficient memory for the Java Runtime Environment to continue.
# Native memory allocation (mmap) failed to map 53477376 bytes for Failed to commit area from 0x0000000712000000 to 0x0000000715300000 of length 53477376.
# Possible reasons:
#   The system is out of physical RAM or swap space
#   The process is running with CompressedOops enabled, and the Java Heap may be blocking the growth of the native heap
# Possible solutions:
#   Reduce memory load on the system
#   Increase physical memory or swap space
#   Check if swap backing store is full
#   Decrease Java heap size (-Xmx/-Xms)
#   Decrease number of Java threads
#   Decrease Java thread stack sizes (-Xss)
#   Set larger code cache with -XX:ReservedCodeCacheSize=
#   JVM is running with Zero Based Compressed Oops mode in which the Java heap is
#     placed in the first 32GB address space. The Java Heap base address is the
#     maximum limit for the native heap growth. Please use -XX:HeapBaseMinAddress
#     to set the Java Heap base and to place the Java Heap above 32GB virtual address.
# This output file may be truncated or incomplete.
#
#  Out of Memory Error (./open/src/hotspot/os/windows/os_windows.cpp:3273), pid=5532, tid=24388
#
# JRE version: Java(TM) SE Runtime Environment 18.9 (11.0.11+9) (build 11.0.11+9-LTS-194)
# Java VM: Java HotSpot(TM) 64-Bit Server VM 18.9 (11.0.11+9-LTS-194, mixed mode, tiered, compressed oops, g1 gc, windows-amd64)
# No core dump will be written. Minidumps are not enabled by default on client versions of Windows
#

---------------  S U M M A R Y ------------

Command Line: -Dcom.sun.management.jmxremote -Dcom.sun.management.jmxremote.port=56474 -Dcom.sun.management.jmxremote.authenticate=false -Dcom.sun.management.jmxremote.ssl=false -Djava.rmi.server.hostname=localhost -Dspring.jmx.enabled=true -Dspring.application.admin.enabled=true -XX:TieredStopAtLevel=1 -Dspring.boot.project.name=ex02-spring-mvc-autenticacao -Dfile.encoding=UTF-8 br.com.alura.mvc.mudi.MudiApplication --spring.output.ansi.enabled=always

Host: Intel(R) Core(TM) i7-8750H CPU @ 2.20GHz, 12 cores, 15G,  Windows 10 , 64 bit Build 19041 (10.0.19041.928)
Time: Sat Jun  5 16:09:47 2021 Hora oficial do Brasil elapsed time: 5.144817 seconds (0d 0h 0m 5s)

---------------  T H R E A D  ---------------

Current thread (0x000002556759b000):  VMThread "VM Thread" [stack: 0x000000d1ca000000,0x000000d1ca100000] [id=24388]

Stack: [0x000000d1ca000000,0x000000d1ca100000]
[error occurred during error reporting (printing stack bounds), id 0xc0000005, EXCEPTION_ACCESS_VIOLATION (0xc0000005) at pc=0x000002554bbd0f2d]

Native frames: (J=compiled Java code, j=interpreted, Vv=VM code, C=native code)
V  [jvm.dll+0x616f2a]
V  [jvm.dll+0x74de7f]
V  [jvm.dll+0x74f505]
V  [jvm.dll+0x74fae5]
V  [jvm.dll+0x74fa9b]
V  [jvm.dll+0x616763]
V  [jvm.dll+0x616b28]
C  [ntdll.dll+0xa217f]
C  [ntdll.dll+0x51454]
C  [ntdll.dll+0xa0cae]
C  0x000002554bbd0f2d

VM_Operation (0x000000d1cb8f7d90): CollectForMetadataAllocation, mode: safepoint, requested by thread 0x0000025569602000


---------------  P R O C E S S  ---------------

Threads class SMR info:
_java_thread_list=0x000002556bd24800, length=24, elements={
0x0000025543726000, 0x000002556759f000, 0x00000255675a8800, 0x00000255675ba800,
0x00000255675bc000, 0x0000025567ea4800, 0x0000025567eb6800, 0x0000025567e40800,
0x000002556807f800, 0x00000255686e8000, 0x0000025568716000, 0x0000025568700000,
0x00000255687da000, 0x00000255695a1800, 0x00000255695d3000, 0x00000255695dd000,
0x0000025569601000, 0x0000025569602000, 0x0000025567eb4000, 0x0000025567eb3000,
0x0000025567eb7000, 0x0000025567eb2800, 0x0000025567eb5000, 0x0000025567eb5800
}

Java Threads: ( => current thread )
  0x0000025543726000 JavaThread "main" [_thread_blocked, id=17524, stack(0x000000d1c9a00000,0x000000d1c9b00000)]
  0x000002556759f000 JavaThread "Reference Handler" daemon [_thread_blocked, id=20608, stack(0x000000d1ca100000,0x000000d1ca200000)]
  0x00000255675a8800 JavaThread "Finalizer" daemon [_thread_blocked, id=20732, stack(0x000000d1ca200000,0x000000d1ca300000)]
  0x00000255675ba800 JavaThread "Signal Dispatcher" daemon [_thread_blocked, id=20300, stack(0x000000d1ca300000,0x000000d1ca400000)]
  0x00000255675bc000 JavaThread "Attach Listener" daemon [_thread_blocked, id=15328, stack(0x000000d1ca400000,0x000000d1ca500000)]
  0x0000025567ea4800 JavaThread "C1 CompilerThread0" daemon [_thread_blocked, id=20576, stack(0x000000d1ca500000,0x000000d1ca600000)]
  0x0000025567eb6800 JavaThread "Sweeper thread" daemon [_thread_blocked, id=16544, stack(0x000000d1ca600000,0x000000d1ca700000)]
  0x0000025567e40800 JavaThread "Common-Cleaner" daemon [_thread_blocked, id=23240, stack(0x000000d1ca700000,0x000000d1ca800000)]
  0x000002556807f800 JavaThread "Service Thread" daemon [_thread_blocked, id=22248, stack(0x000000d1ca800000,0x000000d1ca900000)]
  0x00000255686e8000 JavaThread "RMI TCP Accept-0" daemon [_thread_in_native, id=21316, stack(0x000000d1ca900000,0x000000d1caa00000)]
  0x0000025568716000 JavaThread "RMI TCP Accept-56474" daemon [_thread_in_native, id=6256, stack(0x000000d1caa00000,0x000000d1cab00000)]
  0x0000025568700000 JavaThread "RMI TCP Accept-0" daemon [_thread_in_native, id=18976, stack(0x000000d1cab00000,0x000000d1cac00000)]
  0x00000255687da000 JavaThread "RMI TCP Connection(1)-127.0.0.1" daemon [_thread_in_native, id=16392, stack(0x000000d1cad00000,0x000000d1cae00000)]
  0x00000255695a1800 JavaThread "RMI Scheduler(0)" daemon [_thread_blocked, id=7800, stack(0x000000d1cae00000,0x000000d1caf00000)]
  0x00000255695d3000 JavaThread "RMI TCP Connection(2)-127.0.0.1" daemon [_thread_in_native, id=24456, stack(0x000000d1caf00000,0x000000d1cb000000)]
  0x00000255695dd000 JavaThread "JMX server connection timeout 20" daemon [_thread_blocked, id=24012, stack(0x000000d1cb000000,0x000000d1cb100000)]
  0x0000025569601000 JavaThread "Thread-0" [_thread_blocked, id=15648, stack(0x000000d1cb700000,0x000000d1cb800000)]
  0x0000025569602000 JavaThread "restartedMain" [_thread_blocked, id=9864, stack(0x000000d1cb800000,0x000000d1cb900000)]
  0x0000025567eb4000 JavaThread "Catalina-utility-1" [_thread_blocked, id=14268, stack(0x000000d1cb900000,0x000000d1cba00000)]
  0x0000025567eb3000 JavaThread "Catalina-utility-2" [_thread_blocked, id=12216, stack(0x000000d1cbe00000,0x000000d1cbf00000)]
  0x0000025567eb7000 JavaThread "container-0" [_thread_blocked, id=15180, stack(0x000000d1cbf00000,0x000000d1cc000000)]
  0x0000025567eb2800 JavaThread "mysql-cj-abandoned-connection-cleanup" daemon [_thread_blocked, id=24044, stack(0x000000d1cc000000,0x000000d1cc100000)]
  0x0000025567eb5000 JavaThread "HikariPool-1 housekeeper" daemon [_thread_blocked, id=11084, stack(0x000000d1cc400000,0x000000d1cc500000)]
  0x0000025567eb5800 JavaThread "HikariPool-1 connection adder" daemon [_thread_blocked, id=12132, stack(0x000000d1cc500000,0x000000d1cc600000)]

Other Threads:
=>0x000002556759b000 VMThread "VM Thread" [stack: 0x000000d1ca000000,0x000000d1ca100000] [id=24388]
  0x000002556878f800 WatcherThread [stack: 0x000000d1cac00000,0x000000d1cad00000] [id=23864]
  0x000002554373a800 GCTaskThread "GC Thread#0" [stack: 0x000000d1c9b00000,0x000000d1c9c00000] [id=5360]
  0x00000255695e5000 GCTaskThread "GC Thread#1" [stack: 0x000000d1cb100000,0x000000d1cb200000] [id=15500]
  0x00000255695ed000 GCTaskThread "GC Thread#2" [stack: 0x000000d1cb200000,0x000000d1cb300000] [id=15868]
  0x00000255695ed800 GCTaskThread "GC Thread#3" [stack: 0x000000d1cb300000,0x000000d1cb400000] [id=23376]
  0x00000255695ee800 GCTaskThread "GC Thread#4" [stack: 0x000000d1cb400000,0x000000d1cb500000] [id=19792]
  0x00000255695f1000 GCTaskThread "GC Thread#5" [stack: 0x000000d1cb500000,0x000000d1cb600000] [id=24516]
  0x0000025569840800 GCTaskThread "GC Thread#6" [stack: 0x000000d1cba00000,0x000000d1cbb00000] [id=7288]
  0x00000255698fe000 GCTaskThread "GC Thread#7" [stack: 0x000000d1cbb00000,0x000000d1cbc00000] [id=12508]
  0x000002556bc88800 GCTaskThread "GC Thread#8" [stack: 0x000000d1cc100000,0x000000d1cc200000] [id=22112]
  0x000002556a53e800 GCTaskThread "GC Thread#9" [stack: 0x000000d1cc200000,0x000000d1cc300000] [id=20044]
  0x000002554379c000 ConcurrentGCThread "G1 Main Marker" [stack: 0x000000d1c9c00000,0x000000d1c9d00000] [id=7264]
  0x000002554379d000 ConcurrentGCThread "G1 Conc#0" [stack: 0x000000d1c9d00000,0x000000d1c9e00000] [id=23948]
  0x0000025569822800 ConcurrentGCThread "G1 Conc#1" [stack: 0x000000d1cbc00000,0x000000d1cbd00000] [id=8280]
  0x00000255698d5000 ConcurrentGCThread "G1 Conc#2" [stack: 0x000000d1cbd00000,0x000000d1cbe00000] [id=21156]
  0x0000025567487000 ConcurrentGCThread "G1 Refine#0" [stack: 0x000000d1c9e00000,0x000000d1c9f00000] [id=2004]
  0x00000255685c4800 ConcurrentGCThread "G1 Refine#1" [stack: 0x000000d1cb600000,0x000000d1cb700000] [id=18916]
  0x0000025567488000 ConcurrentGCThread "G1 Young RemSet Sampling" [stack: 0x000000d1c9f00000,0x000000d1ca000000] [id=13512]

Threads with active compile tasks:

VM state:at safepoint (normal execution)

VM Mutex/Monitor currently owned by a thread:  ([mutex/lock_event])
[0x0000025543723040] Threads_lock - owner thread: 0x000002556759b000
[0x00000255437233a0] Heap_lock - owner thread: 0x0000025569602000

Heap address: 0x0000000702200000, size: 4062 MB, Compressed Oops mode: Zero based, Oop shift amount: 3
Narrow klass base: 0x0000000800000000, Narrow klass shift: 0
Compressed class space size: 1073741824 Address: 0x0000000800000000

Heap:
 garbage-first heap   total 312320K, used 23720K [0x0000000702200000, 0x0000000800000000)
  region size 1024K, 15 young (15360K), 15 survivors (15360K)
 Metaspace       used 58053K, capacity 59682K, committed 59816K, reserved 1101824K
  class space    used 7806K, capacity 8443K, committed 8448K, reserved 1048576K
Heap Regions: E=young(eden), S=young(survivor), O=old, HS=humongous(starts), HC=humongous(continues), CS=collection set, F=free, A=archive, TAMS=top-at-mark-start (previous, next)
|   0|0x0000000702200000, 0x0000000702300000, 0x0000000702300000|100%|HS|  |TAMS 0x0000000702300000, 0x0000000702300000| Complete 
|   1|0x0000000702300000, 0x0000000702400000, 0x0000000702400000|100%| O|  |TAMS 0x0000000702400000, 0x0000000702400000| Untracked 
|   2|0x0000000702400000, 0x0000000702500000, 0x0000000702500000|100%| O|  |TAMS 0x0000000702500000, 0x0000000702500000| Untracked 
|   3|0x0000000702500000, 0x0000000702600000, 0x0000000702600000|100%| O|  |TAMS 0x0000000702600000, 0x0000000702600000| Untracked 
|   4|0x0000000702600000, 0x0000000702700000, 0x0000000702700000|100%| O|  |TAMS 0x0000000702700000, 0x0000000702700000| Untracked 
|   5|0x0000000702700000, 0x0000000702800000, 0x0000000702800000|100%| O|  |TAMS 0x0000000702800000, 0x0000000702800000| Untracked 
|   6|0x0000000702800000, 0x0000000702900000, 0x0000000702900000|100%| O|  |TAMS 0x0000000702900000, 0x0000000702900000| Untracked 
|   7|0x0000000702900000, 0x0000000702a00000, 0x0000000702a00000|100%| O|  |TAMS 0x00000007029b2a00, 0x0000000702a00000| Untracked 
|   8|0x0000000702a00000, 0x0000000702afce00, 0x0000000702b00000| 98%| O|  |TAMS 0x0000000702a00000, 0x0000000702afce00| Untracked 
|   9|0x0000000702b00000, 0x0000000702b00000, 0x0000000702c00000|  0%| F|  |TAMS 0x0000000702b00000, 0x0000000702b00000| Untracked 
|  10|0x0000000702c00000, 0x0000000702c00000, 0x0000000702d00000|  0%| F|  |TAMS 0x0000000702c00000, 0x0000000702c00000| Untracked 
|  11|0x0000000702d00000, 0x0000000702d00000, 0x0000000702e00000|  0%| F|  |TAMS 0x0000000702d00000, 0x0000000702d00000| Untracked 
|  12|0x0000000702e00000, 0x0000000702e00000, 0x0000000702f00000|  0%| F|  |TAMS 0x0000000702e00000, 0x0000000702e00000| Untracked 
|  13|0x0000000702f00000, 0x0000000702f00000, 0x0000000703000000|  0%| F|  |TAMS 0x0000000702f00000, 0x0000000702f00000| Untracked 
|  14|0x0000000703000000, 0x0000000703000000, 0x0000000703100000|  0%| F|  |TAMS 0x0000000703000000, 0x0000000703000000| Untracked 
|  15|0x0000000703100000, 0x0000000703100000, 0x0000000703200000|  0%| F|  |TAMS 0x0000000703100000, 0x0000000703100000| Untracked 
|  16|0x0000000703200000, 0x0000000703200000, 0x0000000703300000|  0%| F|  |TAMS 0x0000000703200000, 0x0000000703200000| Untracked 
|  17|0x0000000703300000, 0x0000000703300000, 0x0000000703400000|  0%| F|  |TAMS 0x0000000703300000, 0x0000000703300000| Untracked 
|  18|0x0000000703400000, 0x0000000703400000, 0x0000000703500000|  0%| F|  |TAMS 0x0000000703400000, 0x0000000703400000| Untracked 
|  19|0x0000000703500000, 0x0000000703500000, 0x0000000703600000|  0%| F|  |TAMS 0x0000000703500000, 0x0000000703500000| Untracked 
|  20|0x0000000703600000, 0x0000000703600000, 0x0000000703700000|  0%| F|  |TAMS 0x0000000703600000, 0x0000000703600000| Untracked 
|  21|0x0000000703700000, 0x0000000703700000, 0x0000000703800000|  0%| F|  |TAMS 0x0000000703700000, 0x0000000703700000| Untracked 
|  22|0x0000000703800000, 0x0000000703800000, 0x0000000703900000|  0%| F|  |TAMS 0x0000000703800000, 0x0000000703800000| Untracked 
|  23|0x0000000703900000, 0x0000000703900000, 0x0000000703a00000|  0%| F|  |TAMS 0x0000000703900000, 0x0000000703900000| Untracked 
|  24|0x0000000703a00000, 0x0000000703a00000, 0x0000000703b00000|  0%| F|  |TAMS 0x0000000703a00000, 0x0000000703a00000| Untracked 
|  25|0x0000000703b00000, 0x0000000703b00000, 0x0000000703c00000|  0%| F|  |TAMS 0x0000000703b00000, 0x0000000703b00000| Untracked 
|  26|0x0000000703c00000, 0x0000000703c00000, 0x0000000703d00000|  0%| F|  |TAMS 0x0000000703c00000, 0x0000000703c00000| Untracked 
|  27|0x0000000703d00000, 0x0000000703d00000, 0x0000000703e00000|  0%| F|  |TAMS 0x0000000703d00000, 0x0000000703d00000| Untracked 
|  28|0x0000000703e00000, 0x0000000703e00000, 0x0000000703f00000|  0%| F|  |TAMS 0x0000000703e00000, 0x0000000703e00000| Untracked 
|  29|0x0000000703f00000, 0x0000000703f00000, 0x0000000704000000|  0%| F|  |TAMS 0x0000000703f00000, 0x0000000703f00000| Untracked 
|  30|0x0000000704000000, 0x0000000704000000, 0x0000000704100000|  0%| F|  |TAMS 0x0000000704000000, 0x0000000704000000| Untracked 
|  31|0x0000000704100000, 0x0000000704100000, 0x0000000704200000|  0%| F|  |TAMS 0x0000000704100000, 0x0000000704100000| Untracked 
|  32|0x0000000704200000, 0x0000000704200000, 0x0000000704300000|  0%| F|  |TAMS 0x0000000704200000, 0x0000000704200000| Untracked 
|  33|0x0000000704300000, 0x0000000704300000, 0x0000000704400000|  0%| F|  |TAMS 0x0000000704300000, 0x0000000704300000| Untracked 
|  34|0x0000000704400000, 0x0000000704400000, 0x0000000704500000|  0%| F|  |TAMS 0x0000000704400000, 0x0000000704400000| Untracked 
|  35|0x0000000704500000, 0x0000000704500000, 0x0000000704600000|  0%| F|  |TAMS 0x0000000704500000, 0x0000000704500000| Untracked 
|  36|0x0000000704600000, 0x0000000704600000, 0x0000000704700000|  0%| F|  |TAMS 0x0000000704600000, 0x0000000704600000| Untracked 
|  37|0x0000000704700000, 0x0000000704700000, 0x0000000704800000|  0%| F|  |TAMS 0x0000000704700000, 0x0000000704700000| Untracked 
|  38|0x0000000704800000, 0x0000000704800000, 0x0000000704900000|  0%| F|  |TAMS 0x0000000704800000, 0x0000000704800000| Untracked 
|  39|0x0000000704900000, 0x0000000704900000, 0x0000000704a00000|  0%| F|  |TAMS 0x0000000704900000, 0x0000000704900000| Untracked 
|  40|0x0000000704a00000, 0x0000000704a00000, 0x0000000704b00000|  0%| F|  |TAMS 0x0000000704a00000, 0x0000000704a00000| Untracked 
|  41|0x0000000704b00000, 0x0000000704b00000, 0x0000000704c00000|  0%| F|  |TAMS 0x0000000704b00000, 0x0000000704b00000| Untracked 
|  42|0x0000000704c00000, 0x0000000704c00000, 0x0000000704d00000|  0%| F|  |TAMS 0x0000000704c00000, 0x0000000704c00000| Untracked 
|  43|0x0000000704d00000, 0x0000000704d00000, 0x0000000704e00000|  0%| F|  |TAMS 0x0000000704d00000, 0x0000000704d00000| Untracked 
|  44|0x0000000704e00000, 0x0000000704e00000, 0x0000000704f00000|  0%| F|  |TAMS 0x0000000704e00000, 0x0000000704e00000| Untracked 
|  45|0x0000000704f00000, 0x0000000704f00000, 0x0000000705000000|  0%| F|  |TAMS 0x0000000704f00000, 0x0000000704f00000| Untracked 
|  46|0x0000000705000000, 0x0000000705000000, 0x0000000705100000|  0%| F|  |TAMS 0x0000000705000000, 0x0000000705000000| Untracked 
|  47|0x0000000705100000, 0x0000000705100000, 0x0000000705200000|  0%| F|  |TAMS 0x0000000705100000, 0x0000000705100000| Untracked 
|  48|0x0000000705200000, 0x0000000705200000, 0x0000000705300000|  0%| F|  |TAMS 0x0000000705200000, 0x0000000705200000| Untracked 
|  49|0x0000000705300000, 0x0000000705300000, 0x0000000705400000|  0%| F|  |TAMS 0x0000000705300000, 0x0000000705300000| Untracked 
|  50|0x0000000705400000, 0x0000000705400000, 0x0000000705500000|  0%| F|  |TAMS 0x0000000705400000, 0x0000000705400000| Untracked 
|  51|0x0000000705500000, 0x0000000705500000, 0x0000000705600000|  0%| F|  |TAMS 0x0000000705500000, 0x0000000705500000| Untracked 
|  52|0x0000000705600000, 0x0000000705600000, 0x0000000705700000|  0%| F|  |TAMS 0x0000000705600000, 0x0000000705600000| Untracked 
|  53|0x0000000705700000, 0x0000000705700000, 0x0000000705800000|  0%| F|  |TAMS 0x0000000705700000, 0x0000000705700000| Untracked 
|  54|0x0000000705800000, 0x0000000705800000, 0x0000000705900000|  0%| F|  |TAMS 0x0000000705800000, 0x0000000705800000| Untracked 
|  55|0x0000000705900000, 0x0000000705900000, 0x0000000705a00000|  0%| F|  |TAMS 0x0000000705900000, 0x0000000705900000| Untracked 
|  56|0x0000000705a00000, 0x0000000705a00000, 0x0000000705b00000|  0%| F|  |TAMS 0x0000000705a00000, 0x0000000705a00000| Untracked 
|  57|0x0000000705b00000, 0x0000000705b00000, 0x0000000705c00000|  0%| F|  |TAMS 0x0000000705b00000, 0x0000000705b00000| Untracked 
|  58|0x0000000705c00000, 0x0000000705c00000, 0x0000000705d00000|  0%| F|  |TAMS 0x0000000705c00000, 0x0000000705c00000| Untracked 
|  59|0x0000000705d00000, 0x0000000705d00000, 0x0000000705e00000|  0%| F|  |TAMS 0x0000000705d00000, 0x0000000705d00000| Untracked 
|  60|0x0000000705e00000, 0x0000000705e00000, 0x0000000705f00000|  0%| F|  |TAMS 0x0000000705e00000, 0x0000000705e00000| Untracked 
|  61|0x0000000705f00000, 0x0000000705f00000, 0x0000000706000000|  0%| F|  |TAMS 0x0000000705f00000, 0x0000000705f00000| Untracked 
|  62|0x0000000706000000, 0x0000000706000000, 0x0000000706100000|  0%| F|  |TAMS 0x0000000706000000, 0x0000000706000000| Untracked 
|  63|0x0000000706100000, 0x0000000706100000, 0x0000000706200000|  0%| F|  |TAMS 0x0000000706100000, 0x0000000706100000| Untracked 
|  64|0x0000000706200000, 0x0000000706200000, 0x0000000706300000|  0%| F|  |TAMS 0x0000000706200000, 0x0000000706200000| Untracked 
|  65|0x0000000706300000, 0x0000000706300000, 0x0000000706400000|  0%| F|  |TAMS 0x0000000706300000, 0x0000000706300000| Untracked 
|  66|0x0000000706400000, 0x0000000706400000, 0x0000000706500000|  0%| F|  |TAMS 0x0000000706400000, 0x0000000706400000| Untracked 
|  67|0x0000000706500000, 0x0000000706500000, 0x0000000706600000|  0%| F|  |TAMS 0x0000000706500000, 0x0000000706500000| Untracked 
|  68|0x0000000706600000, 0x0000000706600000, 0x0000000706700000|  0%| F|  |TAMS 0x0000000706600000, 0x0000000706600000| Untracked 
|  69|0x0000000706700000, 0x0000000706700000, 0x0000000706800000|  0%| F|  |TAMS 0x0000000706700000, 0x0000000706700000| Untracked 
|  70|0x0000000706800000, 0x0000000706800000, 0x0000000706900000|  0%| F|  |TAMS 0x0000000706800000, 0x0000000706800000| Untracked 
|  71|0x0000000706900000, 0x0000000706900000, 0x0000000706a00000|  0%| F|  |TAMS 0x0000000706900000, 0x0000000706900000| Untracked 
|  72|0x0000000706a00000, 0x0000000706a00000, 0x0000000706b00000|  0%| F|  |TAMS 0x0000000706a00000, 0x0000000706a00000| Untracked 
|  73|0x0000000706b00000, 0x0000000706b00000, 0x0000000706c00000|  0%| F|  |TAMS 0x0000000706b00000, 0x0000000706b00000| Untracked 
|  74|0x0000000706c00000, 0x0000000706c00000, 0x0000000706d00000|  0%| F|  |TAMS 0x0000000706c00000, 0x0000000706c00000| Untracked 
|  75|0x0000000706d00000, 0x0000000706d00000, 0x0000000706e00000|  0%| F|  |TAMS 0x0000000706d00000, 0x0000000706d00000| Untracked 
|  76|0x0000000706e00000, 0x0000000706e00000, 0x0000000706f00000|  0%| F|  |TAMS 0x0000000706e00000, 0x0000000706e00000| Untracked 
|  77|0x0000000706f00000, 0x0000000706f00000, 0x0000000707000000|  0%| F|  |TAMS 0x0000000706f00000, 0x0000000706f00000| Untracked 
|  78|0x0000000707000000, 0x0000000707000000, 0x0000000707100000|  0%| F|  |TAMS 0x0000000707000000, 0x0000000707000000| Untracked 
|  79|0x0000000707100000, 0x0000000707100000, 0x0000000707200000|  0%| F|  |TAMS 0x0000000707100000, 0x0000000707100000| Untracked 
|  80|0x0000000707200000, 0x0000000707200000, 0x0000000707300000|  0%| F|  |TAMS 0x0000000707200000, 0x0000000707200000| Untracked 
|  81|0x0000000707300000, 0x0000000707300000, 0x0000000707400000|  0%| F|  |TAMS 0x0000000707300000, 0x0000000707300000| Untracked 
|  82|0x0000000707400000, 0x0000000707400000, 0x0000000707500000|  0%| F|  |TAMS 0x0000000707400000, 0x0000000707400000| Untracked 
|  83|0x0000000707500000, 0x0000000707500000, 0x0000000707600000|  0%| F|  |TAMS 0x0000000707500000, 0x0000000707500000| Untracked 
|  84|0x0000000707600000, 0x0000000707600000, 0x0000000707700000|  0%| F|  |TAMS 0x0000000707600000, 0x0000000707600000| Untracked 
|  85|0x0000000707700000, 0x0000000707700000, 0x0000000707800000|  0%| F|  |TAMS 0x0000000707700000, 0x0000000707700000| Untracked 
|  86|0x0000000707800000, 0x0000000707800000, 0x0000000707900000|  0%| F|  |TAMS 0x0000000707800000, 0x0000000707800000| Untracked 
|  87|0x0000000707900000, 0x0000000707900000, 0x0000000707a00000|  0%| F|  |TAMS 0x0000000707900000, 0x0000000707900000| Untracked 
|  88|0x0000000707a00000, 0x0000000707a00000, 0x0000000707b00000|  0%| F|  |TAMS 0x0000000707a00000, 0x0000000707a00000| Untracked 
|  89|0x0000000707b00000, 0x0000000707b00000, 0x0000000707c00000|  0%| F|  |TAMS 0x0000000707b00000, 0x0000000707b00000| Untracked 
|  90|0x0000000707c00000, 0x0000000707c00000, 0x0000000707d00000|  0%| F|  |TAMS 0x0000000707c00000, 0x0000000707c00000| Untracked 
|  91|0x0000000707d00000, 0x0000000707d00000, 0x0000000707e00000|  0%| F|  |TAMS 0x0000000707d00000, 0x0000000707d00000| Untracked 
|  92|0x0000000707e00000, 0x0000000707e00000, 0x0000000707f00000|  0%| F|  |TAMS 0x0000000707e00000, 0x0000000707e00000| Untracked 
|  93|0x0000000707f00000, 0x0000000707f00000, 0x0000000708000000|  0%| F|  |TAMS 0x0000000707f00000, 0x0000000707f00000| Untracked 
|  94|0x0000000708000000, 0x0000000708000000, 0x0000000708100000|  0%| F|  |TAMS 0x0000000708000000, 0x0000000708000000| Untracked 
|  95|0x0000000708100000, 0x0000000708100000, 0x0000000708200000|  0%| F|  |TAMS 0x0000000708100000, 0x0000000708100000| Untracked 
|  96|0x0000000708200000, 0x0000000708200000, 0x0000000708300000|  0%| F|  |TAMS 0x0000000708200000, 0x0000000708200000| Untracked 
|  97|0x0000000708300000, 0x0000000708300000, 0x0000000708400000|  0%| F|  |TAMS 0x0000000708300000, 0x0000000708300000| Untracked 
|  98|0x0000000708400000, 0x0000000708400000, 0x0000000708500000|  0%| F|  |TAMS 0x0000000708400000, 0x0000000708400000| Untracked 
|  99|0x0000000708500000, 0x0000000708500000, 0x0000000708600000|  0%| F|  |TAMS 0x0000000708500000, 0x0000000708500000| Untracked 
| 100|0x0000000708600000, 0x0000000708600000, 0x0000000708700000|  0%| F|  |TAMS 0x0000000708600000, 0x0000000708600000| Untracked 
| 101|0x0000000708700000, 0x0000000708700000, 0x0000000708800000|  0%| F|  |TAMS 0x0000000708700000, 0x0000000708700000| Untracked 
| 102|0x0000000708800000, 0x0000000708800000, 0x0000000708900000|  0%| F|  |TAMS 0x0000000708800000, 0x0000000708800000| Untracked 
| 103|0x0000000708900000, 0x0000000708900000, 0x0000000708a00000|  0%| F|  |TAMS 0x0000000708900000, 0x0000000708900000| Untracked 
| 104|0x0000000708a00000, 0x0000000708a00000, 0x0000000708b00000|  0%| F|  |TAMS 0x0000000708a00000, 0x0000000708a00000| Untracked 
| 105|0x0000000708b00000, 0x0000000708b00000, 0x0000000708c00000|  0%| F|  |TAMS 0x0000000708b00000, 0x0000000708b00000| Untracked 
| 106|0x0000000708c00000, 0x0000000708c00000, 0x0000000708d00000|  0%| F|  |TAMS 0x0000000708c00000, 0x0000000708c00000| Untracked 
| 107|0x0000000708d00000, 0x0000000708d00000, 0x0000000708e00000|  0%| F|  |TAMS 0x0000000708d00000, 0x0000000708d00000| Untracked 
| 108|0x0000000708e00000, 0x0000000708e00000, 0x0000000708f00000|  0%| F|  |TAMS 0x0000000708e00000, 0x0000000708e00000| Untracked 
| 109|0x0000000708f00000, 0x0000000708f00000, 0x0000000709000000|  0%| F|  |TAMS 0x0000000708f00000, 0x0000000708f00000| Untracked 
| 110|0x0000000709000000, 0x0000000709000000, 0x0000000709100000|  0%| F|  |TAMS 0x0000000709000000, 0x0000000709000000| Untracked 
| 111|0x0000000709100000, 0x0000000709100000, 0x0000000709200000|  0%| F|  |TAMS 0x0000000709100000, 0x0000000709100000| Untracked 
| 112|0x0000000709200000, 0x0000000709200000, 0x0000000709300000|  0%| F|  |TAMS 0x0000000709200000, 0x0000000709200000| Untracked 
| 113|0x0000000709300000, 0x0000000709300000, 0x0000000709400000|  0%| F|  |TAMS 0x0000000709300000, 0x0000000709300000| Untracked 
| 114|0x0000000709400000, 0x0000000709400000, 0x0000000709500000|  0%| F|  |TAMS 0x0000000709400000, 0x0000000709400000| Untracked 
| 115|0x0000000709500000, 0x0000000709500000, 0x0000000709600000|  0%| F|  |TAMS 0x0000000709500000, 0x0000000709500000| Untracked 
| 116|0x0000000709600000, 0x0000000709600000, 0x0000000709700000|  0%| F|  |TAMS 0x0000000709600000, 0x0000000709600000| Untracked 
| 117|0x0000000709700000, 0x0000000709700000, 0x0000000709800000|  0%| F|  |TAMS 0x0000000709700000, 0x0000000709700000| Untracked 
| 118|0x0000000709800000, 0x0000000709800000, 0x0000000709900000|  0%| F|  |TAMS 0x0000000709800000, 0x0000000709800000| Untracked 
| 119|0x0000000709900000, 0x0000000709900000, 0x0000000709a00000|  0%| F|  |TAMS 0x0000000709900000, 0x0000000709900000| Untracked 
| 120|0x0000000709a00000, 0x0000000709a00000, 0x0000000709b00000|  0%| F|  |TAMS 0x0000000709a00000, 0x0000000709a00000| Untracked 
| 121|0x0000000709b00000, 0x0000000709b00000, 0x0000000709c00000|  0%| F|  |TAMS 0x0000000709b00000, 0x0000000709b00000| Untracked 
| 122|0x0000000709c00000, 0x0000000709c00000, 0x0000000709d00000|  0%| F|  |TAMS 0x0000000709c00000, 0x0000000709c00000| Untracked 
| 123|0x0000000709d00000, 0x0000000709d00000, 0x0000000709e00000|  0%| F|  |TAMS 0x0000000709d00000, 0x0000000709d00000| Untracked 
| 124|0x0000000709e00000, 0x0000000709e00000, 0x0000000709f00000|  0%| F|  |TAMS 0x0000000709e00000, 0x0000000709e00000| Untracked 
| 125|0x0000000709f00000, 0x0000000709f00000, 0x000000070a000000|  0%| F|  |TAMS 0x0000000709f00000, 0x0000000709f00000| Untracked 
| 126|0x000000070a000000, 0x000000070a000000, 0x000000070a100000|  0%| F|  |TAMS 0x000000070a000000, 0x000000070a000000| Untracked 
| 127|0x000000070a100000, 0x000000070a12d3f8, 0x000000070a200000| 17%| S|CS|TAMS 0x000000070a100000, 0x000000070a100000| Complete 
| 128|0x000000070a200000, 0x000000070a300000, 0x000000070a300000|100%| S|CS|TAMS 0x000000070a200000, 0x000000070a200000| Complete 
| 129|0x000000070a300000, 0x000000070a400000, 0x000000070a400000|100%| S|CS|TAMS 0x000000070a300000, 0x000000070a300000| Complete 
| 130|0x000000070a400000, 0x000000070a500000, 0x000000070a500000|100%| S|CS|TAMS 0x000000070a400000, 0x000000070a400000| Complete 
| 131|0x000000070a500000, 0x000000070a600000, 0x000000070a600000|100%| S|CS|TAMS 0x000000070a500000, 0x000000070a500000| Complete 
| 132|0x000000070a600000, 0x000000070a700000, 0x000000070a700000|100%| S|CS|TAMS 0x000000070a600000, 0x000000070a600000| Complete 
| 133|0x000000070a700000, 0x000000070a800000, 0x000000070a800000|100%| S|CS|TAMS 0x000000070a700000, 0x000000070a700000| Complete 
| 134|0x000000070a800000, 0x000000070a900000, 0x000000070a900000|100%| S|CS|TAMS 0x000000070a800000, 0x000000070a800000| Complete 
| 135|0x000000070a900000, 0x000000070aa00000, 0x000000070aa00000|100%| S|CS|TAMS 0x000000070a900000, 0x000000070a900000| Complete 
| 136|0x000000070aa00000, 0x000000070ab00000, 0x000000070ab00000|100%| S|CS|TAMS 0x000000070aa00000, 0x000000070aa00000| Complete 
| 137|0x000000070ab00000, 0x000000070ac00000, 0x000000070ac00000|100%| S|CS|TAMS 0x000000070ab00000, 0x000000070ab00000| Complete 
| 138|0x000000070ac00000, 0x000000070ad00000, 0x000000070ad00000|100%| S|CS|TAMS 0x000000070ac00000, 0x000000070ac00000| Complete 
| 139|0x000000070ad00000, 0x000000070ae00000, 0x000000070ae00000|100%| S|CS|TAMS 0x000000070ad00000, 0x000000070ad00000| Complete 
| 140|0x000000070ae00000, 0x000000070af00000, 0x000000070af00000|100%| S|CS|TAMS 0x000000070ae00000, 0x000000070ae00000| Complete 
| 141|0x000000070af00000, 0x000000070b000000, 0x000000070b000000|100%| S|CS|TAMS 0x000000070af00000, 0x000000070af00000| Complete 
| 142|0x000000070b000000, 0x000000070b000000, 0x000000070b100000|  0%| F|  |TAMS 0x000000070b000000, 0x000000070b000000| Untracked 
| 143|0x000000070b100000, 0x000000070b100000, 0x000000070b200000|  0%| F|  |TAMS 0x000000070b100000, 0x000000070b100000| Untracked 
| 144|0x000000070b200000, 0x000000070b200000, 0x000000070b300000|  0%| F|  |TAMS 0x000000070b200000, 0x000000070b200000| Untracked 
| 145|0x000000070b300000, 0x000000070b300000, 0x000000070b400000|  0%| F|  |TAMS 0x000000070b300000, 0x000000070b300000| Untracked 
| 146|0x000000070b400000, 0x000000070b400000, 0x000000070b500000|  0%| F|  |TAMS 0x000000070b400000, 0x000000070b400000| Untracked 
| 147|0x000000070b500000, 0x000000070b500000, 0x000000070b600000|  0%| F|  |TAMS 0x000000070b500000, 0x000000070b500000| Untracked 
| 148|0x000000070b600000, 0x000000070b600000, 0x000000070b700000|  0%| F|  |TAMS 0x000000070b600000, 0x000000070b600000| Untracked 
| 149|0x000000070b700000, 0x000000070b700000, 0x000000070b800000|  0%| F|  |TAMS 0x000000070b700000, 0x000000070b700000| Untracked 
| 150|0x000000070b800000, 0x000000070b800000, 0x000000070b900000|  0%| F|  |TAMS 0x000000070b800000, 0x000000070b800000| Untracked 
| 151|0x000000070b900000, 0x000000070b900000, 0x000000070ba00000|  0%| F|  |TAMS 0x000000070b900000, 0x000000070b900000| Untracked 
| 152|0x000000070ba00000, 0x000000070ba00000, 0x000000070bb00000|  0%| F|  |TAMS 0x000000070ba00000, 0x000000070ba00000| Untracked 
| 153|0x000000070bb00000, 0x000000070bb00000, 0x000000070bc00000|  0%| F|  |TAMS 0x000000070bb00000, 0x000000070bb00000| Untracked 
| 154|0x000000070bc00000, 0x000000070bc00000, 0x000000070bd00000|  0%| F|  |TAMS 0x000000070bc00000, 0x000000070bc00000| Untracked 
| 155|0x000000070bd00000, 0x000000070bd00000, 0x000000070be00000|  0%| F|  |TAMS 0x000000070bd00000, 0x000000070bd00000| Untracked 
| 156|0x000000070be00000, 0x000000070be00000, 0x000000070bf00000|  0%| F|  |TAMS 0x000000070be00000, 0x000000070be00000| Untracked 
| 157|0x000000070bf00000, 0x000000070bf00000, 0x000000070c000000|  0%| F|  |TAMS 0x000000070bf00000, 0x000000070bf00000| Untracked 
| 158|0x000000070c000000, 0x000000070c000000, 0x000000070c100000|  0%| F|  |TAMS 0x000000070c000000, 0x000000070c000000| Untracked 
| 159|0x000000070c100000, 0x000000070c100000, 0x000000070c200000|  0%| F|  |TAMS 0x000000070c100000, 0x000000070c100000| Untracked 
| 160|0x000000070c200000, 0x000000070c200000, 0x000000070c300000|  0%| F|  |TAMS 0x000000070c200000, 0x000000070c200000| Untracked 
| 161|0x000000070c300000, 0x000000070c300000, 0x000000070c400000|  0%| F|  |TAMS 0x000000070c300000, 0x000000070c300000| Untracked 
| 162|0x000000070c400000, 0x000000070c400000, 0x000000070c500000|  0%| F|  |TAMS 0x000000070c400000, 0x000000070c400000| Untracked 
| 163|0x000000070c500000, 0x000000070c500000, 0x000000070c600000|  0%| F|  |TAMS 0x000000070c500000, 0x000000070c500000| Untracked 
| 164|0x000000070c600000, 0x000000070c600000, 0x000000070c700000|  0%| F|  |TAMS 0x000000070c600000, 0x000000070c600000| Untracked 
| 165|0x000000070c700000, 0x000000070c700000, 0x000000070c800000|  0%| F|  |TAMS 0x000000070c700000, 0x000000070c700000| Untracked 
| 166|0x000000070c800000, 0x000000070c800000, 0x000000070c900000|  0%| F|  |TAMS 0x000000070c800000, 0x000000070c800000| Untracked 
| 167|0x000000070c900000, 0x000000070c900000, 0x000000070ca00000|  0%| F|  |TAMS 0x000000070c900000, 0x000000070c900000| Untracked 
| 168|0x000000070ca00000, 0x000000070ca00000, 0x000000070cb00000|  0%| F|  |TAMS 0x000000070ca00000, 0x000000070ca00000| Untracked 
| 169|0x000000070cb00000, 0x000000070cb00000, 0x000000070cc00000|  0%| F|  |TAMS 0x000000070cb00000, 0x000000070cb00000| Untracked 
| 170|0x000000070cc00000, 0x000000070cc00000, 0x000000070cd00000|  0%| F|  |TAMS 0x000000070cc00000, 0x000000070cc00000| Untracked 
| 171|0x000000070cd00000, 0x000000070cd00000, 0x000000070ce00000|  0%| F|  |TAMS 0x000000070cd00000, 0x000000070cd00000| Untracked 
| 172|0x000000070ce00000, 0x000000070ce00000, 0x000000070cf00000|  0%| F|  |TAMS 0x000000070ce00000, 0x000000070ce00000| Untracked 
| 173|0x000000070cf00000, 0x000000070cf00000, 0x000000070d000000|  0%| F|  |TAMS 0x000000070cf00000, 0x000000070cf00000| Untracked 
| 174|0x000000070d000000, 0x000000070d000000, 0x000000070d100000|  0%| F|  |TAMS 0x000000070d000000, 0x000000070d000000| Untracked 
| 175|0x000000070d100000, 0x000000070d100000, 0x000000070d200000|  0%| F|  |TAMS 0x000000070d100000, 0x000000070d100000| Untracked 
| 176|0x000000070d200000, 0x000000070d200000, 0x000000070d300000|  0%| F|  |TAMS 0x000000070d200000, 0x000000070d200000| Untracked 
| 177|0x000000070d300000, 0x000000070d300000, 0x000000070d400000|  0%| F|  |TAMS 0x000000070d300000, 0x000000070d300000| Untracked 
| 178|0x000000070d400000, 0x000000070d400000, 0x000000070d500000|  0%| F|  |TAMS 0x000000070d400000, 0x000000070d400000| Untracked 
| 179|0x000000070d500000, 0x000000070d500000, 0x000000070d600000|  0%| F|  |TAMS 0x000000070d500000, 0x000000070d500000| Untracked 
| 180|0x000000070d600000, 0x000000070d600000, 0x000000070d700000|  0%| F|  |TAMS 0x000000070d600000, 0x000000070d600000| Untracked 
| 181|0x000000070d700000, 0x000000070d700000, 0x000000070d800000|  0%| F|  |TAMS 0x000000070d700000, 0x000000070d700000| Untracked 
| 182|0x000000070d800000, 0x000000070d800000, 0x000000070d900000|  0%| F|  |TAMS 0x000000070d800000, 0x000000070d800000| Untracked 
| 183|0x000000070d900000, 0x000000070d900000, 0x000000070da00000|  0%| F|  |TAMS 0x000000070d900000, 0x000000070d900000| Untracked 
| 184|0x000000070da00000, 0x000000070da00000, 0x000000070db00000|  0%| F|  |TAMS 0x000000070da00000, 0x000000070da00000| Untracked 
| 185|0x000000070db00000, 0x000000070db00000, 0x000000070dc00000|  0%| F|  |TAMS 0x000000070db00000, 0x000000070db00000| Untracked 
| 186|0x000000070dc00000, 0x000000070dc00000, 0x000000070dd00000|  0%| F|  |TAMS 0x000000070dc00000, 0x000000070dc00000| Untracked 
| 187|0x000000070dd00000, 0x000000070dd00000, 0x000000070de00000|  0%| F|  |TAMS 0x000000070dd00000, 0x000000070dd00000| Untracked 
| 188|0x000000070de00000, 0x000000070de00000, 0x000000070df00000|  0%| F|  |TAMS 0x000000070de00000, 0x000000070de00000| Untracked 
| 189|0x000000070df00000, 0x000000070df00000, 0x000000070e000000|  0%| F|  |TAMS 0x000000070df00000, 0x000000070df00000| Untracked 
| 190|0x000000070e000000, 0x000000070e000000, 0x000000070e100000|  0%| F|  |TAMS 0x000000070e000000, 0x000000070e000000| Untracked 
| 191|0x000000070e100000, 0x000000070e100000, 0x000000070e200000|  0%| F|  |TAMS 0x000000070e100000, 0x000000070e100000| Untracked 
| 192|0x000000070e200000, 0x000000070e200000, 0x000000070e300000|  0%| F|  |TAMS 0x000000070e200000, 0x000000070e200000| Untracked 
| 193|0x000000070e300000, 0x000000070e300000, 0x000000070e400000|  0%| F|  |TAMS 0x000000070e300000, 0x000000070e300000| Untracked 
| 194|0x000000070e400000, 0x000000070e400000, 0x000000070e500000|  0%| F|  |TAMS 0x000000070e400000, 0x000000070e400000| Untracked 
| 195|0x000000070e500000, 0x000000070e500000, 0x000000070e600000|  0%| F|  |TAMS 0x000000070e500000, 0x000000070e500000| Untracked 
| 196|0x000000070e600000, 0x000000070e600000, 0x000000070e700000|  0%| F|  |TAMS 0x000000070e600000, 0x000000070e600000| Untracked 
| 197|0x000000070e700000, 0x000000070e700000, 0x000000070e800000|  0%| F|  |TAMS 0x000000070e700000, 0x000000070e700000| Untracked 
| 198|0x000000070e800000, 0x000000070e800000, 0x000000070e900000|  0%| F|  |TAMS 0x000000070e800000, 0x000000070e800000| Untracked 
| 199|0x000000070e900000, 0x000000070e900000, 0x000000070ea00000|  0%| F|  |TAMS 0x000000070e900000, 0x000000070e900000| Untracked 
| 200|0x000000070ea00000, 0x000000070ea00000, 0x000000070eb00000|  0%| F|  |TAMS 0x000000070ea00000, 0x000000070ea00000| Untracked 
| 201|0x000000070eb00000, 0x000000070eb00000, 0x000000070ec00000|  0%| F|  |TAMS 0x000000070eb00000, 0x000000070eb00000| Untracked 
| 202|0x000000070ec00000, 0x000000070ec00000, 0x000000070ed00000|  0%| F|  |TAMS 0x000000070ec00000, 0x000000070ec00000| Untracked 
| 203|0x000000070ed00000, 0x000000070ed00000, 0x000000070ee00000|  0%| F|  |TAMS 0x000000070ed00000, 0x000000070ed00000| Untracked 
| 204|0x000000070ee00000, 0x000000070ee00000, 0x000000070ef00000|  0%| F|  |TAMS 0x000000070ee00000, 0x000000070ee00000| Untracked 
| 205|0x000000070ef00000, 0x000000070ef00000, 0x000000070f000000|  0%| F|  |TAMS 0x000000070ef00000, 0x000000070ef00000| Untracked 
| 206|0x000000070f000000, 0x000000070f000000, 0x000000070f100000|  0%| F|  |TAMS 0x000000070f000000, 0x000000070f000000| Untracked 
| 207|0x000000070f100000, 0x000000070f100000, 0x000000070f200000|  0%| F|  |TAMS 0x000000070f100000, 0x000000070f100000| Untracked 
| 208|0x000000070f200000, 0x000000070f200000, 0x000000070f300000|  0%| F|  |TAMS 0x000000070f200000, 0x000000070f200000| Untracked 
| 209|0x000000070f300000, 0x000000070f300000, 0x000000070f400000|  0%| F|  |TAMS 0x000000070f300000, 0x000000070f300000| Untracked 
| 210|0x000000070f400000, 0x000000070f400000, 0x000000070f500000|  0%| F|  |TAMS 0x000000070f400000, 0x000000070f400000| Untracked 
| 211|0x000000070f500000, 0x000000070f500000, 0x000000070f600000|  0%| F|  |TAMS 0x000000070f500000, 0x000000070f500000| Untracked 
| 212|0x000000070f600000, 0x000000070f600000, 0x000000070f700000|  0%| F|  |TAMS 0x000000070f600000, 0x000000070f600000| Untracked 
| 213|0x000000070f700000, 0x000000070f700000, 0x000000070f800000|  0%| F|  |TAMS 0x000000070f700000, 0x000000070f700000| Untracked 
| 214|0x000000070f800000, 0x000000070f800000, 0x000000070f900000|  0%| F|  |TAMS 0x000000070f800000, 0x000000070f800000| Untracked 
| 215|0x000000070f900000, 0x000000070f900000, 0x000000070fa00000|  0%| F|  |TAMS 0x000000070f900000, 0x000000070f900000| Untracked 
| 216|0x000000070fa00000, 0x000000070fa00000, 0x000000070fb00000|  0%| F|  |TAMS 0x000000070fa00000, 0x000000070fa00000| Untracked 
| 217|0x000000070fb00000, 0x000000070fb00000, 0x000000070fc00000|  0%| F|  |TAMS 0x000000070fb00000, 0x000000070fb00000| Untracked 
| 218|0x000000070fc00000, 0x000000070fc00000, 0x000000070fd00000|  0%| F|  |TAMS 0x000000070fc00000, 0x000000070fc00000| Untracked 
| 219|0x000000070fd00000, 0x000000070fd00000, 0x000000070fe00000|  0%| F|  |TAMS 0x000000070fd00000, 0x000000070fd00000| Untracked 
| 220|0x000000070fe00000, 0x000000070fe00000, 0x000000070ff00000|  0%| F|  |TAMS 0x000000070fe00000, 0x000000070fe00000| Untracked 
| 221|0x000000070ff00000, 0x000000070ff00000, 0x0000000710000000|  0%| F|  |TAMS 0x000000070ff00000, 0x000000070ff00000| Untracked 
| 222|0x0000000710000000, 0x0000000710000000, 0x0000000710100000|  0%| F|  |TAMS 0x0000000710000000, 0x0000000710000000| Untracked 
| 223|0x0000000710100000, 0x0000000710100000, 0x0000000710200000|  0%| F|  |TAMS 0x0000000710100000, 0x0000000710100000| Untracked 
| 224|0x0000000710200000, 0x0000000710200000, 0x0000000710300000|  0%| F|  |TAMS 0x0000000710200000, 0x0000000710200000| Untracked 
| 225|0x0000000710300000, 0x0000000710300000, 0x0000000710400000|  0%| F|  |TAMS 0x0000000710300000, 0x0000000710300000| Untracked 
| 226|0x0000000710400000, 0x0000000710400000, 0x0000000710500000|  0%| F|  |TAMS 0x0000000710400000, 0x0000000710400000| Untracked 
| 227|0x0000000710500000, 0x0000000710500000, 0x0000000710600000|  0%| F|  |TAMS 0x0000000710500000, 0x0000000710500000| Untracked 
| 228|0x0000000710600000, 0x0000000710600000, 0x0000000710700000|  0%| F|  |TAMS 0x0000000710600000, 0x0000000710600000| Untracked 
| 229|0x0000000710700000, 0x0000000710700000, 0x0000000710800000|  0%| F|  |TAMS 0x0000000710700000, 0x0000000710700000| Untracked 
| 230|0x0000000710800000, 0x0000000710800000, 0x0000000710900000|  0%| F|  |TAMS 0x0000000710800000, 0x0000000710800000| Untracked 
| 231|0x0000000710900000, 0x0000000710900000, 0x0000000710a00000|  0%| F|  |TAMS 0x0000000710900000, 0x0000000710900000| Untracked 
| 232|0x0000000710a00000, 0x0000000710a00000, 0x0000000710b00000|  0%| F|  |TAMS 0x0000000710a00000, 0x0000000710a00000| Untracked 
| 233|0x0000000710b00000, 0x0000000710b00000, 0x0000000710c00000|  0%| F|  |TAMS 0x0000000710b00000, 0x0000000710b00000| Untracked 
| 234|0x0000000710c00000, 0x0000000710c00000, 0x0000000710d00000|  0%| F|  |TAMS 0x0000000710c00000, 0x0000000710c00000| Untracked 
| 235|0x0000000710d00000, 0x0000000710d00000, 0x0000000710e00000|  0%| F|  |TAMS 0x0000000710d00000, 0x0000000710d00000| Untracked 
| 236|0x0000000710e00000, 0x0000000710e00000, 0x0000000710f00000|  0%| F|  |TAMS 0x0000000710e00000, 0x0000000710e00000| Untracked 
| 237|0x0000000710f00000, 0x0000000710f00000, 0x0000000711000000|  0%| F|  |TAMS 0x0000000710f00000, 0x0000000710f00000| Untracked 
| 238|0x0000000711000000, 0x0000000711000000, 0x0000000711100000|  0%| F|  |TAMS 0x0000000711000000, 0x0000000711000000| Untracked 
| 239|0x0000000711100000, 0x0000000711100000, 0x0000000711200000|  0%| F|  |TAMS 0x0000000711100000, 0x0000000711100000| Untracked 
| 240|0x0000000711200000, 0x0000000711200000, 0x0000000711300000|  0%| F|  |TAMS 0x0000000711200000, 0x0000000711200000| Untracked 
| 241|0x0000000711300000, 0x0000000711300000, 0x0000000711400000|  0%| F|  |TAMS 0x0000000711300000, 0x0000000711300000| Untracked 
| 242|0x0000000711400000, 0x0000000711400000, 0x0000000711500000|  0%| F|  |TAMS 0x0000000711400000, 0x0000000711400000| Untracked 
| 243|0x0000000711500000, 0x0000000711500000, 0x0000000711600000|  0%| F|  |TAMS 0x0000000711500000, 0x0000000711500000| Untracked 
| 244|0x0000000711600000, 0x0000000711600000, 0x0000000711700000|  0%| F|  |TAMS 0x0000000711600000, 0x0000000711600000| Untracked 
| 245|0x0000000711700000, 0x0000000711700000, 0x0000000711800000|  0%| F|  |TAMS 0x0000000711700000, 0x0000000711700000| Untracked 
| 246|0x0000000711800000, 0x0000000711800000, 0x0000000711900000|  0%| F|  |TAMS 0x0000000711800000, 0x0000000711800000| Untracked 
| 247|0x0000000711900000, 0x0000000711900000, 0x0000000711a00000|  0%| F|  |TAMS 0x0000000711900000, 0x0000000711900000| Untracked 
| 248|0x0000000711a00000, 0x0000000711a00000, 0x0000000711b00000|  0%| F|  |TAMS 0x0000000711a00000, 0x0000000711a00000| Untracked 
| 249|0x0000000711b00000, 0x0000000711b00000, 0x0000000711c00000|  0%| F|  |TAMS 0x0000000711b00000, 0x0000000711b00000| Untracked 
| 250|0x0000000711c00000, 0x0000000711c00000, 0x0000000711d00000|  0%| F|  |TAMS 0x0000000711c00000, 0x0000000711c00000| Untracked 
| 251|0x0000000711d00000, 0x0000000711d00000, 0x0000000711e00000|  0%| F|  |TAMS 0x0000000711d00000, 0x0000000711d00000| Untracked 
| 252|0x0000000711e00000, 0x0000000711e00000, 0x0000000711f00000|  0%| F|  |TAMS 0x0000000711e00000, 0x0000000711e00000| Untracked 
| 253|0x0000000711f00000, 0x0000000711f00000, 0x0000000712000000|  0%| F|  |TAMS 0x0000000711f00000, 0x0000000711f00000| Untracked 

Card table byte_map: [0x000002555b920000,0x000002555c110000] _byte_map_base: 0x000002555810f000

Marking Bits (Prev, Next): (CMBitMap*) 0x000002554378a2d8, (CMBitMap*) 0x000002554378a310
 Prev Bits: [0x000002555c900000, 0x0000025560878000)
 Next Bits: [0x0000025560880000, 0x00000255647f8000)

Polling page: 0x0000025542f00000

Metaspace:

Usage:
  Non-class:     50.04 MB capacity,    49.07 MB ( 98%) used,   804.85 KB (  2%) free+waste,   186.88 KB ( <1%) overhead. 
      Class:      8.25 MB capacity,     7.62 MB ( 92%) used,   544.40 KB (  6%) free+waste,    92.00 KB (  1%) overhead. 
       Both:     58.28 MB capacity,    56.69 MB ( 97%) used,     1.32 MB (  2%) free+waste,   278.88 KB ( <1%) overhead. 

Virtual space:
  Non-class space:       52.00 MB reserved,      50.16 MB ( 96%) committed 
      Class space:        1.00 GB reserved,       8.25 MB ( <1%) committed 
             Both:        1.05 GB reserved,      58.41 MB (  5%) committed 

Chunk freelists:
   Non-Class:  1.13 KB
       Class:  640 bytes
        Both:  1.75 KB

CodeHeap 'non-profiled nmethods': size=238336Kb used=7228Kb max_used=7228Kb free=231107Kb
 bounds [0x000002554c310000, 0x000002554ca20000, 0x000002555abd0000]
CodeHeap 'non-nmethods': size=7424Kb used=1243Kb max_used=1243Kb free=6180Kb
 bounds [0x000002554bbd0000, 0x000002554be40000, 0x000002554c310000]
 total_blobs=5189 nmethods=4582 adapters=531
 compilation: enabled
              stopped_count=0, restarted_count=0
 full_count=0

Compilation events (10 events):
Event: 4.993 Thread 0x0000025567ea4800 4578       1       java.util.regex.Pattern::nextEscaped (19 bytes)
Event: 4.993 Thread 0x0000025567ea4800 nmethod 4578 0x000002554ca1de90 code [0x000002554ca1e020, 0x000002554ca1e118]
Event: 4.993 Thread 0x0000025567ea4800 4579       1       java.util.regex.Pattern$CharProperty::<init> (10 bytes)
Event: 4.994 Thread 0x0000025567ea4800 nmethod 4579 0x000002554ca1e210 code [0x000002554ca1e3c0, 0x000002554ca1e538]
Event: 5.028 Thread 0x0000025567ea4800 4580       1       java.util.Locale::getVariant (8 bytes)
Event: 5.028 Thread 0x0000025567ea4800 nmethod 4580 0x000002554ca1e590 code [0x000002554ca1e720, 0x000002554ca1e7f8]
Event: 5.105 Thread 0x0000025567ea4800 4581       1       java.io.ObjectStreamClass::isExternalizable (9 bytes)
Event: 5.105 Thread 0x0000025567ea4800 nmethod 4581 0x000002554ca1e890 code [0x000002554ca1ea40, 0x000002554ca1ebe8]
Event: 5.105 Thread 0x0000025567ea4800 4582       1       java.io.ObjectStreamClass::getClassDataLayout (20 bytes)
Event: 5.106 Thread 0x0000025567ea4800 nmethod 4582 0x000002554ca1ed10 code [0x000002554ca1eec0, 0x000002554ca1f028]

GC Heap History (10 events):
Event: 1.369 GC heap after
{Heap after GC invocations=3 (full 0):
 garbage-first heap   total 260096K, used 9367K [0x0000000702200000, 0x0000000800000000)
  region size 1024K, 2 young (2048K), 2 survivors (2048K)
 Metaspace       used 19107K, capacity 19793K, committed 19968K, reserved 1067008K
  class space    used 2227K, capacity 2506K, committed 2560K, reserved 1048576K
}
Event: 1.439 GC heap before
{Heap before GC invocations=3 (full 0):
 garbage-first heap   total 260096K, used 15511K [0x0000000702200000, 0x0000000800000000)
  region size 1024K, 10 young (10240K), 2 survivors (2048K)
 Metaspace       used 20364K, capacity 21139K, committed 21424K, reserved 1069056K
  class space    used 2414K, capacity 2700K, committed 2816K, reserved 1048576K
}
Event: 1.442 GC heap after
{Heap after GC invocations=4 (full 0):
 garbage-first heap   total 260096K, used 9960K [0x0000000702200000, 0x0000000800000000)
  region size 1024K, 3 young (3072K), 3 survivors (3072K)
 Metaspace       used 20364K, capacity 21139K, committed 21424K, reserved 1069056K
  class space    used 2414K, capacity 2700K, committed 2816K, reserved 1048576K
}
Event: 1.856 GC heap before
{Heap before GC invocations=5 (full 0):
 garbage-first heap   total 260096K, used 114408K [0x0000000702200000, 0x0000000800000000)
  region size 1024K, 106 young (108544K), 3 survivors (3072K)
 Metaspace       used 28928K, capacity 29789K, committed 30000K, reserved 1075200K
  class space    used 3605K, capacity 3964K, committed 3968K, reserved 1048576K
}
Event: 1.860 GC heap after
{Heap after GC invocations=6 (full 0):
 garbage-first heap   total 260096K, used 12342K [0x0000000702200000, 0x0000000800000000)
  region size 1024K, 5 young (5120K), 5 survivors (5120K)
 Metaspace       used 28928K, capacity 29789K, committed 30000K, reserved 1075200K
  class space    used 3605K, capacity 3964K, committed 3968K, reserved 1048576K
}
Event: 2.538 GC heap before
{Heap before GC invocations=6 (full 0):
 garbage-first heap   total 260096K, used 79926K [0x0000000702200000, 0x0000000800000000)
  region size 1024K, 72 young (73728K), 5 survivors (5120K)
 Metaspace       used 34404K, capacity 35548K, committed 35632K, reserved 1079296K
  class space    used 4436K, capacity 4925K, committed 4992K, reserved 1048576K
}
Event: 2.544 GC heap after
{Heap after GC invocations=7 (full 0):
 garbage-first heap   total 260096K, used 14833K [0x0000000702200000, 0x0000000800000000)
  region size 1024K, 7 young (7168K), 7 survivors (7168K)
 Metaspace       used 34404K, capacity 35548K, committed 35632K, reserved 1079296K
  class space    used 4436K, capacity 4925K, committed 4992K, reserved 1048576K
}
Event: 3.382 GC heap before
{Heap before GC invocations=8 (full 0):
 garbage-first heap   total 260096K, used 162289K [0x0000000702200000, 0x0000000800000000)
  region size 1024K, 152 young (155648K), 7 survivors (7168K)
 Metaspace       used 41284K, capacity 42830K, committed 43056K, reserved 1087488K
  class space    used 5379K, capacity 6007K, committed 6016K, reserved 1048576K
}
Event: 3.391 GC heap after
{Heap after GC invocations=9 (full 0):
 garbage-first heap   total 260096K, used 18698K [0x0000000702200000, 0x0000000800000000)
  region size 1024K, 11 young (11264K), 11 survivors (11264K)
 Metaspace       used 41284K, capacity 42830K, committed 43056K, reserved 1087488K
  class space    used 5379K, capacity 6007K, committed 6016K, reserved 1048576K
}
Event: 5.120 GC heap before
{Heap before GC invocations=9 (full 0):
 garbage-first heap   total 260096K, used 132362K [0x0000000702200000, 0x0000000800000000)
  region size 1024K, 123 young (125952K), 11 survivors (11264K)
 Metaspace       used 58053K, capacity 59682K, committed 59816K, reserved 1101824K
  class space    used 7806K, capacity 8443K, committed 8448K, reserved 1048576K
}

Deoptimization events (0 events):
No events

Classes redefined (0 events):
No events

Internal exceptions (10 events):
Event: 3.153 Thread 0x0000025569602000 Exception <a 'java/lang/NoSuchMethodError'{0x0000000709ba7fb0}: java.lang.invoke.DirectMethodHandle$Holder.invokeInterface(Ljava/lang/Object;Ljava/lang/Object;Ljava/lang/Object;Ljava/lang/Object;)I> (0x0000000709ba7fb0) thrown at [./open/src/hotspot/share
Event: 3.215 Thread 0x0000025569602000 Exception <a 'java/lang/NoSuchMethodError'{0x0000000709608708}: static Lorg/springframework/security/authentication/AbstractAuthenticationToken;.<clinit>()V> (0x0000000709608708) thrown at [./open/src/hotspot/share/prims/jni.cpp, line 1362]
Event: 3.548 Thread 0x00000255695d3000 Exception <a 'java/lang/reflect/InvocationTargetException'{0x0000000711282a50}> (0x0000000711282a50) thrown at [./open/src/hotspot/share/runtime/reflection.cpp, line 1242]
Event: 3.934 Thread 0x0000025569602000 Exception <a 'sun/nio/fs/WindowsException'{0x000000070f7fcfd8}> (0x000000070f7fcfd8) thrown at [./open/src/hotspot/share/prims/jni.cpp, line 611]
Event: 3.942 Thread 0x0000025569602000 Exception <a 'java/lang/NoSuchMethodError'{0x000000070f623700}: java.lang.invoke.DirectMethodHandle$Holder.invokeStaticInit(Ljava/lang/Object;Ljava/lang/Object;Ljava/lang/Object;Ljava/lang/Object;)I> (0x000000070f623700) thrown at [./open/src/hotspot/shar
Event: 4.100 Thread 0x00000255695d3000 Exception <a 'java/lang/reflect/InvocationTargetException'{0x0000000711286a88}> (0x0000000711286a88) thrown at [./open/src/hotspot/share/runtime/reflection.cpp, line 1242]
Event: 4.324 Thread 0x0000025569602000 Exception <a 'java/lang/NoSuchMethodError'{0x000000070e66c698}: java.lang.invoke.DirectMethodHandle$Holder.invokeStaticInit(Ljava/lang/Object;Ljava/lang/Object;Ljava/lang/Object;Ljava/lang/Object;)Ljava/lang/Object;> (0x000000070e66c698) thrown at [./open
Event: 4.602 Thread 0x00000255695d3000 Exception <a 'java/lang/reflect/InvocationTargetException'{0x000000071128aac0}> (0x000000071128aac0) thrown at [./open/src/hotspot/share/runtime/reflection.cpp, line 1242]
Event: 4.706 Thread 0x0000025569602000 Exception <a 'java/lang/NoSuchMethodError'{0x000000070c5c2408}: java.lang.invoke.DirectMethodHandle$Holder.newInvokeSpecial(Ljava/lang/Object;Ljava/lang/Object;ILjava/lang/Object;Ljava/lang/Object;)Ljava/lang/Object;> (0x000000070c5c2408) thrown at [./ope
Event: 5.105 Thread 0x00000255695d3000 Exception <a 'java/lang/reflect/InvocationTargetException'{0x000000071128eaf8}> (0x000000071128eaf8) thrown at [./open/src/hotspot/share/runtime/reflection.cpp, line 1242]

Events (10 events):
Event: 5.115 loading class net/bytebuddy/description/type/TypeDescription$Generic$AnnotationReader$Dispatcher$CreationAction done
Event: 5.116 loading class net/bytebuddy/description/type/TypeDescription$Generic$AnnotationReader$Dispatcher
Event: 5.116 loading class net/bytebuddy/description/type/TypeDescription$Generic$AnnotationReader$Dispatcher done
Event: 5.116 loading class net/bytebuddy/description/type/TypeDescription$Generic$AnnotationReader$Dispatcher$ForJava8CapableVm
Event: 5.116 loading class net/bytebuddy/description/type/TypeDescription$Generic$AnnotationReader$Dispatcher$ForJava8CapableVm done
Event: 5.119 loading class net/bytebuddy/description/type/TypeDescription$Generic$OfParameterizedType$ForGenerifiedErasure
Event: 5.119 loading class net/bytebuddy/description/type/TypeDescription$Generic$OfParameterizedType$ForGenerifiedErasure done
Event: 5.119 loading class net/bytebuddy/description/type/TypeDescription$Generic$OfParameterizedType
Event: 5.119 loading class net/bytebuddy/description/type/TypeDescription$Generic$OfParameterizedType done
Event: 5.120 Executing VM operation: CollectForMetadataAllocation


Dynamic libraries:
0x00007ff725450000 - 0x00007ff72545f000 	C:\Program Files\Java\jdk-11.0.11\bin\javaw.exe
0x00007ff964610000 - 0x00007ff964805000 	C:\WINDOWS\SYSTEM32\ntdll.dll
0x00007ff9633a0000 - 0x00007ff96345d000 	C:\WINDOWS\System32\KERNEL32.DLL
0x00007ff962030000 - 0x00007ff9622f8000 	C:\WINDOWS\System32\KERNELBASE.dll
0x00007ff961f30000 - 0x00007ff962030000 	C:\WINDOWS\System32\ucrtbase.dll
0x00007ff94f7e0000 - 0x00007ff94f7f8000 	C:\Program Files\Java\jdk-11.0.11\bin\jli.dll
0x00007ff94f7c0000 - 0x00007ff94f7d5000 	C:\Program Files\Java\jdk-11.0.11\bin\VCRUNTIME140.dll
0x00007ff9627c0000 - 0x00007ff96286c000 	C:\WINDOWS\System32\ADVAPI32.dll
0x00007ff963180000 - 0x00007ff96321e000 	C:\WINDOWS\System32\msvcrt.dll
0x00007ff963300000 - 0x00007ff96339b000 	C:\WINDOWS\System32\sechost.dll
0x00007ff962a10000 - 0x00007ff962b3b000 	C:\WINDOWS\System32\RPCRT4.dll
0x00007ff962870000 - 0x00007ff962a10000 	C:\WINDOWS\System32\USER32.dll
0x00007ff962460000 - 0x00007ff962482000 	C:\WINDOWS\System32\win32u.dll
0x00007ff9453f0000 - 0x00007ff94568a000 	C:\WINDOWS\WinSxS\amd64_microsoft.windows.common-controls_6595b64144ccf1df_6.0.19041.844_none_ca00b6081b84eb1d\COMCTL32.dll
0x00007ff963540000 - 0x00007ff96356a000 	C:\WINDOWS\System32\GDI32.dll
0x00007ff962300000 - 0x00007ff96240b000 	C:\WINDOWS\System32\gdi32full.dll
0x00007ff9624c0000 - 0x00007ff96255d000 	C:\WINDOWS\System32\msvcp_win.dll
0x00007ff95a5f0000 - 0x00007ff95a5fa000 	C:\WINDOWS\SYSTEM32\VERSION.dll
0x00007ff962670000 - 0x00007ff9626a0000 	C:\WINDOWS\System32\IMM32.DLL
0x00007ff94f280000 - 0x00007ff94f31b000 	C:\Program Files\Java\jdk-11.0.11\bin\msvcp140.dll
0x00007ff8e0e20000 - 0x00007ff8e191e000 	C:\Program Files\Java\jdk-11.0.11\bin\server\jvm.dll
0x00007ff963220000 - 0x00007ff963228000 	C:\WINDOWS\System32\PSAPI.DLL
0x00007ff9489e0000 - 0x00007ff9489e9000 	C:\WINDOWS\SYSTEM32\WSOCK32.dll
0x00007ff9460c0000 - 0x00007ff9460e7000 	C:\WINDOWS\SYSTEM32\WINMM.dll
0x00007ff963570000 - 0x00007ff9635db000 	C:\WINDOWS\System32\WS2_32.dll
0x00007ff9605e0000 - 0x00007ff9605f2000 	C:\WINDOWS\SYSTEM32\kernel.appcore.dll
0x00007ff95d0c0000 - 0x00007ff95d0d0000 	C:\Program Files\Java\jdk-11.0.11\bin\verify.dll
0x00007ff95fb70000 - 0x00007ff95fd54000 	C:\WINDOWS\SYSTEM32\DBGHELP.DLL
0x00007ff948960000 - 0x00007ff94898c000 	C:\WINDOWS\SYSTEM32\dbgcore.DLL
0x00007ff961d50000 - 0x00007ff961dd0000 	C:\WINDOWS\System32\bcryptPrimitives.dll
0x00007ff94fed0000 - 0x00007ff94fef8000 	C:\Program Files\Java\jdk-11.0.11\bin\java.dll
0x00007ff95cff0000 - 0x00007ff95cffa000 	C:\Program Files\Java\jdk-11.0.11\bin\jimage.dll
0x00007ff9501e0000 - 0x00007ff9501f6000 	C:\Program Files\Java\jdk-11.0.11\bin\zip.dll
0x00007ff963640000 - 0x00007ff963d82000 	C:\WINDOWS\System32\SHELL32.dll
0x00007ff95fe40000 - 0x00007ff9605d0000 	C:\WINDOWS\SYSTEM32\windows.storage.dll
0x00007ff963e80000 - 0x00007ff9641d5000 	C:\WINDOWS\System32\combase.dll
0x00007ff9617c0000 - 0x00007ff9617ec000 	C:\WINDOWS\SYSTEM32\Wldp.dll
0x00007ff963250000 - 0x00007ff9632fe000 	C:\WINDOWS\System32\SHCORE.dll
0x00007ff964260000 - 0x00007ff9642b5000 	C:\WINDOWS\System32\shlwapi.dll
0x00007ff961c90000 - 0x00007ff961caf000 	C:\WINDOWS\SYSTEM32\profapi.dll
0x00007ff94feb0000 - 0x00007ff94fec9000 	C:\Program Files\Java\jdk-11.0.11\bin\net.dll
0x00007ff957de0000 - 0x00007ff957eeb000 	C:\WINDOWS\SYSTEM32\WINHTTP.dll
0x00007ff9614e0000 - 0x00007ff96154a000 	C:\WINDOWS\system32\mswsock.dll
0x00007ff94fe90000 - 0x00007ff94fea2000 	C:\Program Files\Java\jdk-11.0.11\bin\nio.dll
0x00007ff950230000 - 0x00007ff950239000 	C:\Program Files\Java\jdk-11.0.11\bin\management.dll
0x00007ff94fe10000 - 0x00007ff94fe1b000 	C:\Program Files\Java\jdk-11.0.11\bin\management_ext.dll
0x00007ff934190000 - 0x00007ff9341a7000 	C:\WINDOWS\system32\napinsp.dll
0x00007ff934170000 - 0x00007ff93418b000 	C:\WINDOWS\system32\pnrpnsp.dll
0x00007ff934150000 - 0x00007ff934165000 	C:\WINDOWS\system32\wshbth.dll
0x00007ff95ce80000 - 0x00007ff95ce9d000 	C:\WINDOWS\system32\NLAapi.dll
0x00007ff961190000 - 0x00007ff9611cb000 	C:\WINDOWS\SYSTEM32\IPHLPAPI.DLL
0x00007ff9611d0000 - 0x00007ff96129c000 	C:\WINDOWS\SYSTEM32\DNSAPI.dll
0x00007ff963170000 - 0x00007ff963178000 	C:\WINDOWS\System32\NSI.dll
0x00007ff934130000 - 0x00007ff934142000 	C:\WINDOWS\System32\winrnr.dll
0x00007ff956bb0000 - 0x00007ff956bba000 	C:\Windows\System32\rasadhlp.dll
0x00007ff956bc0000 - 0x00007ff956c3f000 	C:\WINDOWS\System32\fwpuclnt.dll
0x00007ff962490000 - 0x00007ff9624b7000 	C:\WINDOWS\System32\bcrypt.dll
0x00007ff961680000 - 0x00007ff961698000 	C:\WINDOWS\SYSTEM32\CRYPTSP.dll
0x00007ff960e20000 - 0x00007ff960e54000 	C:\WINDOWS\system32\rsaenh.dll
0x00007ff961c10000 - 0x00007ff961c3e000 	C:\WINDOWS\SYSTEM32\USERENV.dll
0x00007ff9616a0000 - 0x00007ff9616ac000 	C:\WINDOWS\SYSTEM32\CRYPTBASE.dll
0x00007ff95ab70000 - 0x00007ff95ab87000 	C:\WINDOWS\SYSTEM32\dhcpcsvc6.DLL
0x00007ff959eb0000 - 0x00007ff959ecd000 	C:\WINDOWS\SYSTEM32\dhcpcsvc.DLL
0x00007ff94fe60000 - 0x00007ff94fe85000 	C:\Program Files\Java\jdk-11.0.11\bin\sunec.dll
0x00007ff94fb90000 - 0x00007ff94fb9d000 	C:\Program Files\Java\jdk-11.0.11\bin\sunmscapi.dll
0x00007ff961dd0000 - 0x00007ff961f2f000 	C:\WINDOWS\System32\CRYPT32.dll
0x00007ff961830000 - 0x00007ff961857000 	C:\WINDOWS\SYSTEM32\ncrypt.dll
0x00007ff9617f0000 - 0x00007ff96182b000 	C:\WINDOWS\SYSTEM32\NTASN1.dll

dbghelp: loaded successfully - version: 4.0.5 - missing functions: none
symbol engine: initialized successfully - sym options: 0x614 - pdb path: .;C:\Program Files\Java\jdk-11.0.11\bin;C:\WINDOWS\SYSTEM32;C:\WINDOWS\WinSxS\amd64_microsoft.windows.common-controls_6595b64144ccf1df_6.0.19041.844_none_ca00b6081b84eb1d;C:\Program Files\Java\jdk-11.0.11\bin\server

VM Arguments:
jvm_args: -Dcom.sun.management.jmxremote -Dcom.sun.management.jmxremote.port=56474 -Dcom.sun.management.jmxremote.authenticate=false -Dcom.sun.management.jmxremote.ssl=false -Djava.rmi.server.hostname=localhost -Dspring.jmx.enabled=true -Dspring.application.admin.enabled=true -XX:TieredStopAtLevel=1 -Dspring.boot.project.name=ex02-spring-mvc-autenticacao -Dfile.encoding=UTF-8 
java_command: br.com.alura.mvc.mudi.MudiApplication --spring.output.ansi.enabled=always
java_class_path (initial): D:\Codigos\Alura_Formacao_Spring_Framework\modulo3-aplicacao-web-com-spring-mvc-e-spring-security\ex02-spring-mvc-autenticacao\target\classes;C:\Users\brunocs\.m2\repository\org\springframework\boot\spring-boot-starter-thymeleaf\2.5.0\spring-boot-starter-thymeleaf-2.5.0.jar;C:\Users\brunocs\.m2\repository\org\springframework\boot\spring-boot-starter\2.5.0\spring-boot-starter-2.5.0.jar;C:\Users\brunocs\.m2\repository\org\springframework\boot\spring-boot-starter-logging\2.5.0\spring-boot-starter-logging-2.5.0.jar;C:\Users\brunocs\.m2\repository\ch\qos\logback\logback-classic\1.2.3\logback-classic-1.2.3.jar;C:\Users\brunocs\.m2\repository\ch\qos\logback\logback-core\1.2.3\logback-core-1.2.3.jar;C:\Users\brunocs\.m2\repository\org\apache\logging\log4j\log4j-to-slf4j\2.14.1\log4j-to-slf4j-2.14.1.jar;C:\Users\brunocs\.m2\repository\org\apache\logging\log4j\log4j-api\2.14.1\log4j-api-2.14.1.jar;C:\Users\brunocs\.m2\repository\org\slf4j\jul-to-slf4j\1.7.30\jul-to-slf4j-1.7.30.jar;C:\Users\brunocs\.m2\repository\jakarta\annotation\jakarta.annotation-api\1.3.5\jakarta.annotation-api-1.3.5.jar;C:\Users\brunocs\.m2\repository\org\yaml\snakeyaml\1.28\snakeyaml-1.28.jar;C:\Users\brunocs\.m2\repository\org\thymeleaf\thymeleaf-spring5\3.0.12.RELEASE\thymeleaf-spring5-3.0.12.RELEASE.jar;C:\Users\brunocs\.m2\repository\org\thymeleaf\thymeleaf\3.0.12.RELEASE\thymeleaf-3.0.12.RELEASE.jar;C:\Users\brunocs\.m2\repository\org\attoparser\attoparser\2.0.5.RELEASE\attoparser-2.0.5.RELEASE.jar;C:\Users\brunocs\.m2\repository\org\unbescape\unbescape\1.1.6.RELEASE\unbescape-1.1.6.RELEASE.jar;C:\Users\brunocs\.m2\repository\org\thymeleaf\extras\thymeleaf-extras-java8time\3.0.4.RELEASE\thymeleaf-extras-java8time-3.0.4.RELEASE.jar;C:\Users\brunocs\.m2\repository\org\springframework\boot\spring-boot-starter-web\2.5.0\spring-boot-starter-web-2.5.0.jar;C:\Users\brunocs\.m2\repository\org\springframework\boot\spring-boot-starter-json\2.5.0\spring-boot-starter-json-2.5.0.ja
Launcher Type: SUN_STANDARD

[Global flags]
     intx CICompilerCount                          = 4                                         {product} {ergonomic}
     uint ConcGCThreads                            = 3                                         {product} {ergonomic}
     uint G1ConcRefinementThreads                  = 10                                        {product} {ergonomic}
   size_t G1HeapRegionSize                         = 1048576                                   {product} {ergonomic}
    uintx GCDrainStackTargetSize                   = 64                                        {product} {ergonomic}
   size_t InitialHeapSize                          = 266338304                                 {product} {ergonomic}
     bool ManagementServer                         = true                                      {product} {command line}
   size_t MarkStackSize                            = 4194304                                   {product} {ergonomic}
   size_t MaxHeapSize                              = 4259315712                                {product} {ergonomic}
   size_t MaxNewSize                               = 2555379712                                {product} {ergonomic}
   size_t MinHeapDeltaBytes                        = 1048576                                   {product} {ergonomic}
    uintx NonNMethodCodeHeapSize                   = 7549744                                {pd product} {ergonomic}
    uintx NonProfiledCodeHeapSize                  = 244108496                              {pd product} {ergonomic}
    uintx ProfiledCodeHeapSize                     = 0                                      {pd product} {ergonomic}
    uintx ReservedCodeCacheSize                    = 251658240                              {pd product} {ergonomic}
     bool SegmentedCodeCache                       = true                                      {product} {ergonomic}
     intx TieredStopAtLevel                        = 1                                         {product} {command line}
     bool UseCompressedClassPointers               = true                                 {lp64_product} {ergonomic}
     bool UseCompressedOops                        = true                                 {lp64_product} {ergonomic}
     bool UseG1GC                                  = true                                      {product} {ergonomic}
     bool UseLargePagesIndividualAllocation        = false                                  {pd product} {ergonomic}

Logging:
Log output configuration:
 #0: stdout all=warning uptime,level,tags
 #1: stderr all=off uptime,level,tags

Environment Variables:
JAVA_HOME=C:\Program Files\Java\jdk-11.0.11
PATH=C:/Program Files/Java/jdk-11.0.11/bin/server;C:/Program Files/Java/jdk-11.0.11/bin;C:\Windows\system32;C:\Windows;C:\Windows\System32\Wbem;C:\Windows\System32\WindowsPowerShell\v1.0\;C:\Windows\System32\OpenSSH\;C:\Program Files (x86)\NVIDIA Corporation\PhysX\Common;C:\Program Files\NVIDIA Corporation\NVIDIA NvDLISR;C:\xampp\php;C:\ProgramData\chocolatey\bin;C:\Users\brunocs\AppData\Local\Android\Sdk\platform-tools;C:\WINDOWS\system32;C:\WINDOWS;C:\WINDOWS\System32\Wbem;C:\WINDOWS\System32\WindowsPowerShell\v1.0\;C:\WINDOWS\System32\OpenSSH\;C:\Program Files\PuTTY\;C:\Program Files (x86)\Intel\Intel(R) Management Engine Components\DAL;C:\Program Files\Intel\Intel(R) Management Engine Components\DAL;C:\Program Files\Microsoft SQL Server\130\Tools\Binn\;C:\Program Files (x86)\Microsoft SQL Server\150\DTS\Binn\;C:\Program Files\Microsoft SQL Server\Client SDK\ODBC\170\Tools\Binn\;C:\Program Files\dotnet\;C:\Program Files\Java\jdk-11.0.11\bin;C:\Program Files\nodejs\;C:\Program Files\Git\cmd;C:\Users\brunocs\AppData\Local\Programs\Python\Launcher\;C:\Users\brunocs\AppData\Local\Microsoft\WindowsApps;C:\Users\brunocs\AppData\Local\Programs\Microsoft VS Code\bin;D:\xampp\php;C:\Program Files\heroku\bin;C:\Program Files\Azure Data Studio\bin;C:\Program Files\Azure Data Studio\bin;C:\Users\brunocs\.dotnet\tools;C:\Users\brunocs\AppData\Roaming\npm;C:\Users\brunocs\Desktop;
USERNAME=brunocs
OS=Windows_NT
PROCESSOR_IDENTIFIER=Intel64 Family 6 Model 158 Stepping 10, GenuineIntel



---------------  S Y S T E M  ---------------

OS: Windows 10 , 64 bit Build 19041 (10.0.19041.928)
Hyper-V role detected

CPU:total 12 (initial active 12) (6 cores per cpu, 2 threads per core) family 6 model 158 stepping 10 microcode 0xde, cmov, cx8, fxsr, mmx, sse, sse2, sse3, ssse3, sse4.1, sse4.2, popcnt, avx, avx2, aes, clmul, erms, 3dnowpref, lzcnt, ht, tsc, tscinvbit, bmi1, bmi2, adx, fma

Memory: 4k page, system-wide physical 16243M (1100M free)
TotalPageFile size 16243M (AvailPageFile size 14M)
current process WorkingSet (physical memory assigned to process): 299M, peak: 299M
current process commit charge ("private bytes"): 430M, peak: 481M

vm_info: Java HotSpot(TM) 64-Bit Server VM (11.0.11+9-LTS-194) for windows-amd64 JRE (11.0.11+9-LTS-194), built on Mar 18 2021 18:46:53 by "mach5one" with MS VC++ 15.9 (VS2017)

END.
